<?xml version="1.0" encoding="UTF-8" ?>
<testsuite failures="0" time="0.003" errors="0" skipped="0" tests="2" name="qpses.security.UserStatusTest">
  <properties>
    <property name="java.runtime.name" value="Java(TM) SE Runtime Environment"/>
    <property name="sun.boot.library.path" value="C:\programs\Java\jdk1.6.0_43\jre\bin"/>
    <property name="java.vm.version" value="20.14-b01"/>
    <property name="java.vm.vendor" value="Sun Microsystems Inc."/>
    <property name="java.vendor.url" value="http://java.sun.com/"/>
    <property name="path.separator" value=";"/>
    <property name="java.vm.name" value="Java HotSpot(TM) 64-Bit Server VM"/>
    <property name="file.encoding.pkg" value="sun.io"/>
    <property name="user.country" value="HK"/>
    <property name="sun.java.launcher" value="SUN_STANDARD"/>
    <property name="sun.os.patch.level" value="Service Pack 1"/>
    <property name="java.vm.specification.name" value="Java Virtual Machine Specification"/>
    <property name="user.dir" value="C:\workspace\QPS3"/>
    <property name="java.runtime.version" value="1.6.0_43-b01"/>
    <property name="java.awt.graphicsenv" value="sun.awt.Win32GraphicsEnvironment"/>
    <property name="basedir" value="C:\workspace\QPS3"/>
    <property name="java.endorsed.dirs" value="C:\programs\Java\jdk1.6.0_43\jre\lib\endorsed"/>
    <property name="os.arch" value="amd64"/>
    <property name="surefire.real.class.path" value="C:\Users\Helic\AppData\Local\Temp\surefirebooter8991311097339818831.jar"/>
    <property name="java.io.tmpdir" value="C:\Users\Helic\AppData\Local\Temp\"/>
    <property name="line.separator" value="
"/>
    <property name="java.vm.specification.vendor" value="Sun Microsystems Inc."/>
    <property name="user.variant" value=""/>
    <property name="os.name" value="Windows 7"/>
    <property name="sun.jnu.encoding" value="MS950_HKSCS"/>
    <property name="java.library.path" value="C:\programs\Java\jdk1.6.0_43\jre\bin;C:\Windows\Sun\Java\bin;C:\Windows\system32;C:\Windows;C:\Program Files\Common Files\Microsoft Shared\Windows Live;C:\Program Files (x86)\Common Files\Microsoft Shared\Windows Live;C:\Program Files (x86)\NVIDIA Corporation\PhysX\Common;C:\Program Files (x86)\Intel\iCLS Client\;C:\Program Files\Intel\iCLS Client\;C:\Windows\system32;C:\Windows;C:\Windows\System32\Wbem;C:\Windows\System32\WindowsPowerShell\v1.0\;C:\Program Files\Intel\Intel(R) Management Engine Components\DAL;C:\Program Files\Intel\Intel(R) Management Engine Components\IPT;C:\programs\Java\jdk1.6.0_43\bin;C:\programs\Java\jdk1.7.0_02\bin;C:\programs\Java\jdk1.5.0_14\bin;C:\Program Files (x86)\Intel\Intel(R) Management Engine Components\DAL;C:\Program Files (x86)\Intel\Intel(R) Management Engine Components\IPT;C:\Program Files (x86)\Intel\OpenCL SDK\2.0\bin\x86;C:\Program Files (x86)\Intel\OpenCL SDK\2.0\bin\x64;C:\Program Files (x86)\Windows Live\Shared;C:\Program Files\SourceGear\Common\DiffMerge\;C:\Program Files\MySQL\MySQL Server 5.5\bin;C:\programs\MinGW\bin;C:\Program Files (x86)\Google\Google Apps Migration\;C:\Program Files\Google\Google Apps Password Sync\;C:\programs\apache-maven-3.1.0\bin;C:\programs\SSH Secure Shell;C:\programs\OpenVPN\bin;."/>
    <property name="surefire.test.class.path" value="C:\workspace\QPS3\target\test-classes;C:\workspace\QPS3\target\classes;C:\Users\Helic\.m2\repository\junit\junit\4.11\junit-4.11.jar;C:\Users\Helic\.m2\repository\org\hamcrest\hamcrest-core\1.3\hamcrest-core-1.3.jar;C:\Users\Helic\.m2\repository\commons-logging\commons-logging\1.1.3\commons-logging-1.1.3.jar;C:\Users\Helic\.m2\repository\org\slf4j\slf4j-api\1.6.4\slf4j-api-1.6.4.jar;C:\Users\Helic\.m2\repository\log4j\log4j\1.2.13\log4j-1.2.13.jar;C:\Users\Helic\.m2\repository\commons-io\commons-io\1.2\commons-io-1.2.jar;C:\Users\Helic\.m2\repository\commons-fileupload\commons-fileupload\1.1.1\commons-fileupload-1.1.1.jar;C:\Users\Helic\.m2\repository\javax\servlet\servlet-api\3.0-alpha-1\servlet-api-3.0-alpha-1.jar;C:\Users\Helic\.m2\repository\org\apache\poi\poi\3.10-beta1\poi-3.10-beta1.jar;C:\Users\Helic\.m2\repository\commons-codec\commons-codec\1.5\commons-codec-1.5.jar;C:\Users\Helic\.m2\repository\com\lowagie\itext\1.4.8\itext-1.4.8.jar;C:\Users\Helic\.m2\repository\com\sun\mail\javax.mail\1.4.7\javax.mail-1.4.7.jar;C:\Users\Helic\.m2\repository\javax\activation\activation\1.1\activation-1.1.jar;C:\Users\Helic\.m2\repository\org\springframework\spring\2.5.6\spring-2.5.6.jar;C:\Users\Helic\.m2\repository\mysql\mysql-connector-java\5.1.25\mysql-connector-java-5.1.25.jar;C:\workspace\QPS3\WebContent\WEB-INF\lib\jpedalSTD.jar;"/>
    <property name="java.specification.name" value="Java Platform API Specification"/>
    <property name="java.class.version" value="50.0"/>
    <property name="sun.management.compiler" value="HotSpot 64-Bit Tiered Compilers"/>
    <property name="os.version" value="6.1"/>
    <property name="user.home" value="C:\Users\Helic"/>
    <property name="user.timezone" value="Asia/Shanghai"/>
    <property name="java.awt.printerjob" value="sun.awt.windows.WPrinterJob"/>
    <property name="java.specification.version" value="1.6"/>
    <property name="file.encoding" value="MS950_HKSCS"/>
    <property name="user.name" value="Helic"/>
    <property name="java.class.path" value="C:\workspace\QPS3\target\test-classes;C:\workspace\QPS3\target\classes;C:\Users\Helic\.m2\repository\junit\junit\4.11\junit-4.11.jar;C:\Users\Helic\.m2\repository\org\hamcrest\hamcrest-core\1.3\hamcrest-core-1.3.jar;C:\Users\Helic\.m2\repository\commons-logging\commons-logging\1.1.3\commons-logging-1.1.3.jar;C:\Users\Helic\.m2\repository\org\slf4j\slf4j-api\1.6.4\slf4j-api-1.6.4.jar;C:\Users\Helic\.m2\repository\log4j\log4j\1.2.13\log4j-1.2.13.jar;C:\Users\Helic\.m2\repository\commons-io\commons-io\1.2\commons-io-1.2.jar;C:\Users\Helic\.m2\repository\commons-fileupload\commons-fileupload\1.1.1\commons-fileupload-1.1.1.jar;C:\Users\Helic\.m2\repository\javax\servlet\servlet-api\3.0-alpha-1\servlet-api-3.0-alpha-1.jar;C:\Users\Helic\.m2\repository\org\apache\poi\poi\3.10-beta1\poi-3.10-beta1.jar;C:\Users\Helic\.m2\repository\commons-codec\commons-codec\1.5\commons-codec-1.5.jar;C:\Users\Helic\.m2\repository\com\lowagie\itext\1.4.8\itext-1.4.8.jar;C:\Users\Helic\.m2\repository\com\sun\mail\javax.mail\1.4.7\javax.mail-1.4.7.jar;C:\Users\Helic\.m2\repository\javax\activation\activation\1.1\activation-1.1.jar;C:\Users\Helic\.m2\repository\org\springframework\spring\2.5.6\spring-2.5.6.jar;C:\Users\Helic\.m2\repository\mysql\mysql-connector-java\5.1.25\mysql-connector-java-5.1.25.jar;C:\workspace\QPS3\WebContent\WEB-INF\lib\jpedalSTD.jar;"/>
    <property name="java.vm.specification.version" value="1.0"/>
    <property name="sun.arch.data.model" value="64"/>
    <property name="java.home" value="C:\programs\Java\jdk1.6.0_43\jre"/>
    <property name="sun.java.command" value="C:\Users\Helic\AppData\Local\Temp\surefirebooter8991311097339818831.jar C:\Users\Helic\AppData\Local\Temp\surefire2316918101665446904tmp C:\Users\Helic\AppData\Local\Temp\surefire5047250259616871368tmp"/>
    <property name="java.specification.vendor" value="Sun Microsystems Inc."/>
    <property name="user.language" value="zh"/>
    <property name="awt.toolkit" value="sun.awt.windows.WToolkit"/>
    <property name="java.vm.info" value="mixed mode"/>
    <property name="java.version" value="1.6.0_43"/>
    <property name="java.ext.dirs" value="C:\programs\Java\jdk1.6.0_43\jre\lib\ext;C:\Windows\Sun\Java\lib\ext"/>
    <property name="sun.boot.class.path" value="C:\programs\Java\jdk1.6.0_43\jre\lib\resources.jar;C:\programs\Java\jdk1.6.0_43\jre\lib\rt.jar;C:\programs\Java\jdk1.6.0_43\jre\lib\sunrsasign.jar;C:\programs\Java\jdk1.6.0_43\jre\lib\jsse.jar;C:\programs\Java\jdk1.6.0_43\jre\lib\jce.jar;C:\programs\Java\jdk1.6.0_43\jre\lib\charsets.jar;C:\programs\Java\jdk1.6.0_43\jre\lib\modules\jdk.boot.jar;C:\programs\Java\jdk1.6.0_43\jre\classes"/>
    <property name="java.vendor" value="Sun Microsystems Inc."/>
    <property name="localRepository" value="C:\Users\Helic\.m2\repository"/>
    <property name="file.separator" value="\"/>
    <property name="java.vendor.url.bug" value="http://java.sun.com/cgi-bin/bugreport.cgi"/>
    <property name="sun.cpu.endian" value="little"/>
    <property name="sun.io.unicode.encoding" value="UnicodeLittle"/>
    <property name="sun.desktop" value="windows"/>
    <property name="sun.cpu.isalist" value="amd64"/>
  </properties>
  <testcase time="0" classname="qpses.security.UserStatusTest" name="testIsExpired"/>
  <testcase time="0" classname="qpses.security.UserStatusTest" name="testNotExpired"/>
</testsuite>